<?xml version="1.0" encoding="utf-8"?>
<test-run id="2" testcasecount="52" result="Passed" total="52" passed="52" failed="0" inconclusive="0" skipped="0" asserts="0" engine-version="3.5.0.0" clr-version="4.0.30319.42000" start-time="2026-05-29 14:41:08Z" end-time="2026-05-29 14:41:09Z" duration="0.4476265">
  <test-suite type="TestSuite" id="1000" name="potop" fullname="potop" runstate="Runnable" testcasecount="52" result="Passed" start-time="2026-05-29 14:41:08Z" end-time="2026-05-29 14:41:09Z" duration="0.447627" total="52" passed="52" failed="0" inconclusive="0" skipped="0" asserts="0">
    <properties>
      <property name="platform" value="EditMode" />
    </properties>
    <test-suite type="Assembly" id="1069" name="Assembly-CSharp-Editor.dll" fullname="/Users/macbook/Desktop/potop/potop_client/Library/ScriptAssemblies/Assembly-CSharp-Editor.dll" runstate="Runnable" testcasecount="52" result="Passed" start-time="2026-05-29 14:41:08Z" end-time="2026-05-29 14:41:09Z" duration="0.416769" total="52" passed="52" failed="0" inconclusive="0" skipped="0" asserts="0">
      <properties>
        <property name="_PID" value="32446" />
        <property name="_APPDOMAIN" value="Unity Child Domain" />
        <property name="platform" value="EditMode" />
        <property name="EditorOnly" value="True" />
      </properties>
      <test-suite type="TestSuite" id="1070" name="Potop" fullname="Potop" runstate="Runnable" testcasecount="52" result="Passed" start-time="2026-05-29 14:41:08Z" end-time="2026-05-29 14:41:09Z" duration="0.416016" total="52" passed="52" failed="0" inconclusive="0" skipped="0" asserts="0">
        <properties />
        <test-suite type="TestSuite" id="1071" name="Client" fullname="Potop.Client" runstate="Runnable" testcasecount="52" result="Passed" start-time="2026-05-29 14:41:08Z" end-time="2026-05-29 14:41:09Z" duration="0.415535" total="52" passed="52" failed="0" inconclusive="0" skipped="0" asserts="0">
          <properties />
          <test-suite type="TestSuite" id="1078" name="Core" fullname="Potop.Client.Core" runstate="Runnable" testcasecount="5" result="Passed" start-time="2026-05-29 14:41:08Z" end-time="2026-05-29 14:41:09Z" duration="0.103737" total="5" passed="5" failed="0" inconclusive="0" skipped="0" asserts="0">
            <properties />
            <test-suite type="TestSuite" id="1079" name="Tests" fullname="Potop.Client.Core.Tests" runstate="Runnable" testcasecount="5" result="Passed" start-time="2026-05-29 14:41:08Z" end-time="2026-05-29 14:41:09Z" duration="0.103501" total="5" passed="5" failed="0" inconclusive="0" skipped="0" asserts="0">
              <properties />
              <test-suite type="TestFixture" id="1063" name="GameManagerTests" fullname="Potop.Client.Core.Tests.GameManagerTests" classname="Potop.Client.Core.Tests.GameManagerTests" runstate="Runnable" testcasecount="5" result="Passed" start-time="2026-05-29 14:41:08Z" end-time="2026-05-29 14:41:09Z" duration="0.101472" total="5" passed="5" failed="0" inconclusive="0" skipped="0" asserts="0">
                <properties />
                <test-case id="1068" name="TakeDamage_AfterGameOver_DoesNotReduceHealthFurther" fullname="Potop.Client.Core.Tests.GameManagerTests.TakeDamage_AfterGameOver_DoesNotReduceHealthFurther" methodname="TakeDamage_AfterGameOver_DoesNotReduceHealthFurther" classname="Potop.Client.Core.Tests.GameManagerTests" runstate="Runnable" seed="1830696226" result="Passed" start-time="2026-05-29 14:41:09Z" end-time="2026-05-29 14:41:09Z" duration="0.038991" asserts="0">
                  <properties>
                    <property name="retryIteration" value="0" />
                    <property name="repeatIteration" value="0" />
                  </properties>
                  <output><![CDATA[MetaUpgradeManager.Instance is null during StartGame.
GemWallet.Instance is null during StartGame.
]]></output>
                </test-case>
                <test-case id="1065" name="TakeDamage_ClampsHealthAtZero" fullname="Potop.Client.Core.Tests.GameManagerTests.TakeDamage_ClampsHealthAtZero" methodname="TakeDamage_ClampsHealthAtZero" classname="Potop.Client.Core.Tests.GameManagerTests" runstate="Runnable" seed="546282758" result="Passed" start-time="2026-05-29 14:41:09Z" end-time="2026-05-29 14:41:09Z" duration="0.002885" asserts="0">
                  <properties>
                    <property name="retryIteration" value="0" />
                    <property name="repeatIteration" value="0" />
                  </properties>
                  <output><![CDATA[MetaUpgradeManager.Instance is null during StartGame.
GemWallet.Instance is null during StartGame.
]]></output>
                </test-case>
                <test-case id="1066" name="TakeDamage_PublishesHealthChangedEvent" fullname="Potop.Client.Core.Tests.GameManagerTests.TakeDamage_PublishesHealthChangedEvent" methodname="TakeDamage_PublishesHealthChangedEvent" classname="Potop.Client.Core.Tests.GameManagerTests" runstate="Runnable" seed="1323609204" result="Passed" start-time="2026-05-29 14:41:09Z" end-time="2026-05-29 14:41:09Z" duration="0.009092" asserts="0">
                  <properties>
                    <property name="retryIteration" value="0" />
                    <property name="repeatIteration" value="0" />
                  </properties>
                  <output><![CDATA[MetaUpgradeManager.Instance is null during StartGame.
GemWallet.Instance is null during StartGame.
]]></output>
                </test-case>
                <test-case id="1064" name="TakeDamage_ReducesHealthCorrectly" fullname="Potop.Client.Core.Tests.GameManagerTests.TakeDamage_ReducesHealthCorrectly" methodname="TakeDamage_ReducesHealthCorrectly" classname="Potop.Client.Core.Tests.GameManagerTests" runstate="Runnable" seed="45442763" result="Passed" start-time="2026-05-29 14:41:09Z" end-time="2026-05-29 14:41:09Z" duration="0.003498" asserts="0">
                  <properties>
                    <property name="retryIteration" value="0" />
                    <property name="repeatIteration" value="0" />
                  </properties>
                  <output><![CDATA[MetaUpgradeManager.Instance is null during StartGame.
GemWallet.Instance is null during StartGame.
]]></output>
                </test-case>
                <test-case id="1067" name="TakeDamage_WhenHealthReachesZero_TriggersGameOver" fullname="Potop.Client.Core.Tests.GameManagerTests.TakeDamage_WhenHealthReachesZero_TriggersGameOver" methodname="TakeDamage_WhenHealthReachesZero_TriggersGameOver" classname="Potop.Client.Core.Tests.GameManagerTests" runstate="Runnable" seed="627300871" result="Passed" start-time="2026-05-29 14:41:09Z" end-time="2026-05-29 14:41:09Z" duration="0.004908" asserts="0">
                  <properties>
                    <property name="retryIteration" value="0" />
                    <property name="repeatIteration" value="0" />
                  </properties>
                  <output><![CDATA[MetaUpgradeManager.Instance is null during StartGame.
GemWallet.Instance is null during StartGame.
]]></output>
                </test-case>
              </test-suite>
            </test-suite>
          </test-suite>
          <test-suite type="TestSuite" id="1074" name="Gameplay" fullname="Potop.Client.Gameplay" runstate="Runnable" testcasecount="5" result="Passed" start-time="2026-05-29 14:41:09Z" end-time="2026-05-29 14:41:09Z" duration="0.050013" total="5" passed="5" failed="0" inconclusive="0" skipped="0" asserts="0">
            <properties />
            <test-suite type="TestSuite" id="1076" name="Combat" fullname="Potop.Client.Gameplay.Combat" runstate="Runnable" testcasecount="4" result="Passed" start-time="2026-05-29 14:41:09Z" end-time="2026-05-29 14:41:09Z" duration="0.034119" total="4" passed="4" failed="0" inconclusive="0" skipped="0" asserts="0">
              <properties />
              <test-suite type="TestSuite" id="1077" name="Tests" fullname="Potop.Client.Gameplay.Combat.Tests" runstate="Runnable" testcasecount="4" result="Passed" start-time="2026-05-29 14:41:09Z" end-time="2026-05-29 14:41:09Z" duration="0.033726" total="4" passed="4" failed="0" inconclusive="0" skipped="0" asserts="0">
                <properties />
                <test-suite type="TestFixture" id="1057" name="HealthIntegrationTests" fullname="Potop.Client.Gameplay.Combat.Tests.HealthIntegrationTests" classname="Potop.Client.Gameplay.Combat.Tests.HealthIntegrationTests" runstate="Runnable" testcasecount="2" result="Passed" start-time="2026-05-29 14:41:09Z" end-time="2026-05-29 14:41:09Z" duration="0.009112" total="2" passed="2" failed="0" inconclusive="0" skipped="0" asserts="0">
                  <properties />
                  <test-case id="1059" name="EnemyBase_IntegratesWithHealth" fullname="Potop.Client.Gameplay.Combat.Tests.HealthIntegrationTests.EnemyBase_IntegratesWithHealth" methodname="EnemyBase_IntegratesWithHealth" classname="Potop.Client.Gameplay.Combat.Tests.HealthIntegrationTests" runstate="Runnable" seed="1832697815" result="Passed" start-time="2026-05-29 14:41:09Z" end-time="2026-05-29 14:41:09Z" duration="0.005409" asserts="0">
                    <properties>
                      <property name="retryIteration" value="0" />
                      <property name="repeatIteration" value="0" />
                    </properties>
                  </test-case>
                  <test-case id="1058" name="Health_TakeDamage_ReducesHealthAndPublishesEvents" fullname="Potop.Client.Gameplay.Combat.Tests.HealthIntegrationTests.Health_TakeDamage_ReducesHealthAndPublishesEvents" methodname="Health_TakeDamage_ReducesHealthAndPublishesEvents" classname="Potop.Client.Gameplay.Combat.Tests.HealthIntegrationTests" runstate="Runnable" seed="1186583496" result="Passed" start-time="2026-05-29 14:41:09Z" end-time="2026-05-29 14:41:09Z" duration="0.002137" asserts="0">
                    <properties>
                      <property name="retryIteration" value="0" />
                      <property name="repeatIteration" value="0" />
                    </properties>
                  </test-case>
                </test-suite>
                <test-suite type="TestFixture" id="1060" name="SystemValidationAuditTests" fullname="Potop.Client.Gameplay.Combat.Tests.SystemValidationAuditTests" classname="Potop.Client.Gameplay.Combat.Tests.SystemValidationAuditTests" runstate="Runnable" testcasecount="2" result="Passed" start-time="2026-05-29 14:41:09Z" end-time="2026-05-29 14:41:09Z" duration="0.023863" total="2" passed="2" failed="0" inconclusive="0" skipped="0" asserts="0">
                  <properties />
                  <test-case id="1061" name="CombatFeedbackLoop_Verification" fullname="Potop.Client.Gameplay.Combat.Tests.SystemValidationAuditTests.CombatFeedbackLoop_Verification" methodname="CombatFeedbackLoop_Verification" classname="Potop.Client.Gameplay.Combat.Tests.SystemValidationAuditTests" runstate="Runnable" seed="456535032" result="Passed" start-time="2026-05-29 14:41:09Z" end-time="2026-05-29 14:41:09Z" duration="0.013935" asserts="0">
                    <properties>
                      <property name="retryIteration" value="0" />
                      <property name="repeatIteration" value="0" />
                    </properties>
                  </test-case>
                  <test-case id="1062" name="PoolManager_Existence_Check" fullname="Potop.Client.Gameplay.Combat.Tests.SystemValidationAuditTests.PoolManager_Existence_Check" methodname="PoolManager_Existence_Check" classname="Potop.Client.Gameplay.Combat.Tests.SystemValidationAuditTests" runstate="Runnable" seed="571049253" result="Passed" start-time="2026-05-29 14:41:09Z" end-time="2026-05-29 14:41:09Z" duration="0.006711" asserts="0">
                    <properties>
                      <property name="retryIteration" value="0" />
                      <property name="repeatIteration" value="0" />
                    </properties>
                  </test-case>
                </test-suite>
              </test-suite>
            </test-suite>
            <test-suite type="TestSuite" id="1075" name="Tests" fullname="Potop.Client.Gameplay.Tests" runstate="Runnable" testcasecount="1" result="Passed" start-time="2026-05-29 14:41:09Z" end-time="2026-05-29 14:41:09Z" duration="0.014955" total="1" passed="1" failed="0" inconclusive="0" skipped="0" asserts="0">
              <properties />
              <test-suite type="TestFixture" id="1055" name="UpgradePoolTests" fullname="Potop.Client.Gameplay.Tests.UpgradePoolTests" classname="Potop.Client.Gameplay.Tests.UpgradePoolTests" runstate="Runnable" testcasecount="1" result="Passed" start-time="2026-05-29 14:41:09Z" end-time="2026-05-29 14:41:09Z" duration="0.014221" total="1" passed="1" failed="0" inconclusive="0" skipped="0" asserts="0">
                <properties />
                <test-case id="1056" name="PitySystem_GuaranteesEpic_AfterTenNonEpics" fullname="Potop.Client.Gameplay.Tests.UpgradePoolTests.PitySystem_GuaranteesEpic_AfterTenNonEpics" methodname="PitySystem_GuaranteesEpic_AfterTenNonEpics" classname="Potop.Client.Gameplay.Tests.UpgradePoolTests" runstate="Runnable" seed="43928800" result="Passed" start-time="2026-05-29 14:41:09Z" end-time="2026-05-29 14:41:09Z" duration="0.013034" asserts="0">
                  <properties>
                    <property name="retryIteration" value="0" />
                    <property name="repeatIteration" value="0" />
                  </properties>
                </test-case>
              </test-suite>
            </test-suite>
          </test-suite>
          <test-suite type="TestSuite" id="1072" name="Tests" fullname="Potop.Client.Tests" runstate="Runnable" testcasecount="42" result="Passed" start-time="2026-05-29 14:41:09Z" end-time="2026-05-29 14:41:09Z" duration="0.261237" total="42" passed="42" failed="0" inconclusive="0" skipped="0" asserts="0">
            <properties />
            <test-suite type="TestSuite" id="1073" name="EditMode" fullname="Potop.Client.Tests.EditMode" runstate="Runnable" testcasecount="42" result="Passed" start-time="2026-05-29 14:41:09Z" end-time="2026-05-29 14:41:09Z" duration="0.259308" total="42" passed="42" failed="0" inconclusive="0" skipped="0" asserts="0">
              <properties />
              <test-suite type="TestFixture" id="1001" name="EnergyManagerTests" fullname="Potop.Client.Tests.EditMode.EnergyManagerTests" classname="Potop.Client.Tests.EditMode.EnergyManagerTests" runstate="Runnable" testcasecount="5" result="Passed" start-time="2026-05-29 14:41:09Z" end-time="2026-05-29 14:41:09Z" duration="0.008333" total="5" passed="5" failed="0" inconclusive="0" skipped="0" asserts="0">
                <properties />
                <test-case id="1006" name="AddEnergy_PublishesEnergyChangedEvent" fullname="Potop.Client.Tests.EditMode.EnergyManagerTests.AddEnergy_PublishesEnergyChangedEvent" methodname="AddEnergy_PublishesEnergyChangedEvent" classname="Potop.Client.Tests.EditMode.EnergyManagerTests" runstate="Runnable" seed="1891474833" result="Passed" start-time="2026-05-29 14:41:09Z" end-time="2026-05-29 14:41:09Z" duration="0.002426" asserts="0">
                  <properties>
                    <property name="retryIteration" value="0" />
                    <property name="repeatIteration" value="0" />
                  </properties>
                </test-case>
                <test-case id="1003" name="AddEnergyMaxPlus100_ClampsToMax" fullname="Potop.Client.Tests.EditMode.EnergyManagerTests.AddEnergyMaxPlus100_ClampsToMax" methodname="AddEnergyMaxPlus100_ClampsToMax" classname="Potop.Client.Tests.EditMode.EnergyManagerTests" runstate="Runnable" seed="1037239344" result="Passed" start-time="2026-05-29 14:41:09Z" end-time="2026-05-29 14:41:09Z" duration="0.000614" asserts="0">
                  <properties>
                    <property name="retryIteration" value="0" />
                    <property name="repeatIteration" value="0" />
                  </properties>
                </test-case>
                <test-case id="1004" name="ConsumeEnergy_Insufficient_ReturnsFalse" fullname="Potop.Client.Tests.EditMode.EnergyManagerTests.ConsumeEnergy_Insufficient_ReturnsFalse" methodname="ConsumeEnergy_Insufficient_ReturnsFalse" classname="Potop.Client.Tests.EditMode.EnergyManagerTests" runstate="Runnable" seed="1394494783" result="Passed" start-time="2026-05-29 14:41:09Z" end-time="2026-05-29 14:41:09Z" duration="0.000776" asserts="0">
                  <properties>
                    <property name="retryIteration" value="0" />
                    <property name="repeatIteration" value="0" />
                  </properties>
                </test-case>
                <test-case id="1005" name="ConsumeEnergy_Sufficient_ReturnsTrueAndUpdatesResidual" fullname="Potop.Client.Tests.EditMode.EnergyManagerTests.ConsumeEnergy_Sufficient_ReturnsTrueAndUpdatesResidual" methodname="ConsumeEnergy_Sufficient_ReturnsTrueAndUpdatesResidual" classname="Potop.Client.Tests.EditMode.EnergyManagerTests" runstate="Runnable" seed="715393004" result="Passed" start-time="2026-05-29 14:41:09Z" end-time="2026-05-29 14:41:09Z" duration="0.000687" asserts="0">
                  <properties>
                    <property name="retryIteration" value="0" />
                    <property name="repeatIteration" value="0" />
                  </properties>
                </test-case>
                <test-case id="1002" name="StartFromZero_AddEnergy50_Returns50" fullname="Potop.Client.Tests.EditMode.EnergyManagerTests.StartFromZero_AddEnergy50_Returns50" methodname="StartFromZero_AddEnergy50_Returns50" classname="Potop.Client.Tests.EditMode.EnergyManagerTests" runstate="Runnable" seed="1450673448" result="Passed" start-time="2026-05-29 14:41:09Z" end-time="2026-05-29 14:41:09Z" duration="0.000760" asserts="0">
                  <properties>
                    <property name="retryIteration" value="0" />
                    <property name="repeatIteration" value="0" />
                  </properties>
                </test-case>
              </test-suite>
              <test-suite type="TestFixture" id="1007" name="GameFlowControllerTests" fullname="Potop.Client.Tests.EditMode.GameFlowControllerTests" classname="Potop.Client.Tests.EditMode.GameFlowControllerTests" runstate="Runnable" testcasecount="6" result="Passed" start-time="2026-05-29 14:41:09Z" end-time="2026-05-29 14:41:09Z" duration="0.029131" total="6" passed="6" failed="0" inconclusive="0" skipped="0" asserts="0">
                <properties />
                <test-case id="1011" name="EnteringResultState_InstantiatesUIAndInjectsDTO" fullname="Potop.Client.Tests.EditMode.GameFlowControllerTests.EnteringResultState_InstantiatesUIAndInjectsDTO" methodname="EnteringResultState_InstantiatesUIAndInjectsDTO" classname="Potop.Client.Tests.EditMode.GameFlowControllerTests" runstate="Runnable" seed="1080431967" result="Passed" start-time="2026-05-29 14:41:09Z" end-time="2026-05-29 14:41:09Z" duration="0.010176" asserts="0">
                  <properties>
                    <property name="retryIteration" value="0" />
                    <property name="repeatIteration" value="0" />
                  </properties>
                </test-case>
                <test-case id="1008" name="InitialState_IsLobby" fullname="Potop.Client.Tests.EditMode.GameFlowControllerTests.InitialState_IsLobby" methodname="InitialState_IsLobby" classname="Potop.Client.Tests.EditMode.GameFlowControllerTests" runstate="Runnable" seed="2096009682" result="Passed" start-time="2026-05-29 14:41:09Z" end-time="2026-05-29 14:41:09Z" duration="0.001131" asserts="0">
                  <properties>
                    <property name="retryIteration" value="0" />
                    <property name="repeatIteration" value="0" />
                  </properties>
                </test-case>
                <test-case id="1010" name="Metrics_AccumulatedCorrectlyDuringGameplay" fullname="Potop.Client.Tests.EditMode.GameFlowControllerTests.Metrics_AccumulatedCorrectlyDuringGameplay" methodname="Metrics_AccumulatedCorrectlyDuringGameplay" classname="Potop.Client.Tests.EditMode.GameFlowControllerTests" runstate="Runnable" seed="536952315" result="Passed" start-time="2026-05-29 14:41:09Z" end-time="2026-05-29 14:41:09Z" duration="0.005255" asserts="0">
                  <properties>
                    <property name="retryIteration" value="0" />
                    <property name="repeatIteration" value="0" />
                  </properties>
                </test-case>
                <test-case id="1012" name="TransitionBackToLobby_DestroysUIAndAddsGemsToWallet" fullname="Potop.Client.Tests.EditMode.GameFlowControllerTests.TransitionBackToLobby_DestroysUIAndAddsGemsToWallet" methodname="TransitionBackToLobby_DestroysUIAndAddsGemsToWallet" classname="Potop.Client.Tests.EditMode.GameFlowControllerTests" runstate="Runnable" seed="320847122" result="Passed" start-time="2026-05-29 14:41:09Z" end-time="2026-05-29 14:41:09Z" duration="0.004781" asserts="0">
                  <properties>
                    <property name="retryIteration" value="0" />
                    <property name="repeatIteration" value="0" />
                  </properties>
                </test-case>
                <test-case id="1009" name="TransitionTo_ChangesStateAndPublishesEvent" fullname="Potop.Client.Tests.EditMode.GameFlowControllerTests.TransitionTo_ChangesStateAndPublishesEvent" methodname="TransitionTo_ChangesStateAndPublishesEvent" classname="Potop.Client.Tests.EditMode.GameFlowControllerTests" runstate="Runnable" seed="1145568619" result="Passed" start-time="2026-05-29 14:41:09Z" end-time="2026-05-29 14:41:09Z" duration="0.002651" asserts="0">
                  <properties>
                    <property name="retryIteration" value="0" />
                    <property name="repeatIteration" value="0" />
                  </properties>
                </test-case>
                <test-case id="1013" name="TransitionToLobby_UnsubscribesProperlyToAvoidMemoryLeaks" fullname="Potop.Client.Tests.EditMode.GameFlowControllerTests.TransitionToLobby_UnsubscribesProperlyToAvoidMemoryLeaks" methodname="TransitionToLobby_UnsubscribesProperlyToAvoidMemoryLeaks" classname="Potop.Client.Tests.EditMode.GameFlowControllerTests" runstate="Runnable" seed="930638463" result="Passed" start-time="2026-05-29 14:41:09Z" end-time="2026-05-29 14:41:09Z" duration="0.001366" asserts="0">
                  <properties>
                    <property name="retryIteration" value="0" />
                    <property name="repeatIteration" value="0" />
                  </properties>
                </test-case>
              </test-suite>
              <test-suite type="TestFixture" id="1014" name="ItemSpawnerTests" fullname="Potop.Client.Tests.EditMode.ItemSpawnerTests" classname="Potop.Client.Tests.EditMode.ItemSpawnerTests" runstate="Runnable" testcasecount="4" result="Passed" start-time="2026-05-29 14:41:09Z" end-time="2026-05-29 14:41:09Z" duration="0.014877" total="4" passed="4" failed="0" inconclusive="0" skipped="0" asserts="0">
                <properties />
                <test-case id="1015" name="EmptyDropTable_EnemyKilled_ReturnsSilently" fullname="Potop.Client.Tests.EditMode.ItemSpawnerTests.EmptyDropTable_EnemyKilled_ReturnsSilently" methodname="EmptyDropTable_EnemyKilled_ReturnsSilently" classname="Potop.Client.Tests.EditMode.ItemSpawnerTests" runstate="Runnable" seed="144693003" result="Passed" start-time="2026-05-29 14:41:09Z" end-time="2026-05-29 14:41:09Z" duration="0.005283" asserts="0">
                  <properties>
                    <property name="retryIteration" value="0" />
                    <property name="repeatIteration" value="0" />
                  </properties>
                </test-case>
                <test-case id="1017" name="GuaranteedDropExpThreshold_ForcesDrop" fullname="Potop.Client.Tests.EditMode.ItemSpawnerTests.GuaranteedDropExpThreshold_ForcesDrop" methodname="GuaranteedDropExpThreshold_ForcesDrop" classname="Potop.Client.Tests.EditMode.ItemSpawnerTests" runstate="Runnable" seed="1661459159" result="Passed" start-time="2026-05-29 14:41:09Z" end-time="2026-05-29 14:41:09Z" duration="0.002229" asserts="0">
                  <properties>
                    <property name="retryIteration" value="0" />
                    <property name="repeatIteration" value="0" />
                  </properties>
                </test-case>
                <test-case id="1016" name="PoolManagerNull_NoCrashOnSpawn" fullname="Potop.Client.Tests.EditMode.ItemSpawnerTests.PoolManagerNull_NoCrashOnSpawn" methodname="PoolManagerNull_NoCrashOnSpawn" classname="Potop.Client.Tests.EditMode.ItemSpawnerTests" runstate="Runnable" seed="330549656" result="Passed" start-time="2026-05-29 14:41:09Z" end-time="2026-05-29 14:41:09Z" duration="0.001782" asserts="0">
                  <properties>
                    <property name="retryIteration" value="0" />
                    <property name="repeatIteration" value="0" />
                  </properties>
                </test-case>
                <test-case id="1018" name="ProbabilityDrop_AppliesWaveMultiplier" fullname="Potop.Client.Tests.EditMode.ItemSpawnerTests.ProbabilityDrop_AppliesWaveMultiplier" methodname="ProbabilityDrop_AppliesWaveMultiplier" classname="Potop.Client.Tests.EditMode.ItemSpawnerTests" runstate="Runnable" seed="562905352" result="Passed" start-time="2026-05-29 14:41:09Z" end-time="2026-05-29 14:41:09Z" duration="0.001799" asserts="0">
                  <properties>
                    <property name="retryIteration" value="0" />
                    <property name="repeatIteration" value="0" />
                  </properties>
                </test-case>
              </test-suite>
              <test-suite type="TestFixture" id="1019" name="MetaUpgradeTests" fullname="Potop.Client.Tests.EditMode.MetaUpgradeTests" classname="Potop.Client.Tests.EditMode.MetaUpgradeTests" runstate="Runnable" testcasecount="4" result="Passed" start-time="2026-05-29 14:41:09Z" end-time="2026-05-29 14:41:09Z" duration="0.035804" total="4" passed="4" failed="0" inconclusive="0" skipped="0" asserts="0">
                <properties />
                <test-case id="1023" name="GetStatBundle_AggregatesAllBonusesCorrectly" fullname="Potop.Client.Tests.EditMode.MetaUpgradeTests.GetStatBundle_AggregatesAllBonusesCorrectly" methodname="GetStatBundle_AggregatesAllBonusesCorrectly" classname="Potop.Client.Tests.EditMode.MetaUpgradeTests" runstate="Runnable" seed="1556967930" result="Passed" start-time="2026-05-29 14:41:09Z" end-time="2026-05-29 14:41:09Z" duration="0.007878" asserts="0">
                  <properties>
                    <property name="retryIteration" value="0" />
                    <property name="repeatIteration" value="0" />
                  </properties>
                </test-case>
                <test-case id="1021" name="TryPurchase_InsufficientGems_ReturnsFalse" fullname="Potop.Client.Tests.EditMode.MetaUpgradeTests.TryPurchase_InsufficientGems_ReturnsFalse" methodname="TryPurchase_InsufficientGems_ReturnsFalse" classname="Potop.Client.Tests.EditMode.MetaUpgradeTests" runstate="Runnable" seed="403075857" result="Passed" start-time="2026-05-29 14:41:09Z" end-time="2026-05-29 14:41:09Z" duration="0.005781" asserts="0">
                  <properties>
                    <property name="retryIteration" value="0" />
                    <property name="repeatIteration" value="0" />
                  </properties>
                  <output><![CDATA[[MetaUpgradeManager] Not enough gems. Need 100, have 0.
]]></output>
                </test-case>
                <test-case id="1020" name="TryPurchase_MaxLevelReached_ReturnsFalse" fullname="Potop.Client.Tests.EditMode.MetaUpgradeTests.TryPurchase_MaxLevelReached_ReturnsFalse" methodname="TryPurchase_MaxLevelReached_ReturnsFalse" classname="Potop.Client.Tests.EditMode.MetaUpgradeTests" runstate="Runnable" seed="1416698798" result="Passed" start-time="2026-05-29 14:41:09Z" end-time="2026-05-29 14:41:09Z" duration="0.004792" asserts="0">
                  <properties>
                    <property name="retryIteration" value="0" />
                    <property name="repeatIteration" value="0" />
                  </properties>
                  <output><![CDATA[[MetaUpgradeManager]  is already at max level.
]]></output>
                </test-case>
                <test-case id="1022" name="TryPurchase_NormalConditions_LevelIncreasesAndGemsDeducted" fullname="Potop.Client.Tests.EditMode.MetaUpgradeTests.TryPurchase_NormalConditions_LevelIncreasesAndGemsDeducted" methodname="TryPurchase_NormalConditions_LevelIncreasesAndGemsDeducted" classname="Potop.Client.Tests.EditMode.MetaUpgradeTests" runstate="Runnable" seed="823872214" result="Passed" start-time="2026-05-29 14:41:09Z" end-time="2026-05-29 14:41:09Z" duration="0.013659" asserts="0">
                  <properties>
                    <property name="retryIteration" value="0" />
                    <property name="repeatIteration" value="0" />
                  </properties>
                </test-case>
              </test-suite>
              <test-suite type="TestFixture" id="1024" name="OverchargeTests" fullname="Potop.Client.Tests.EditMode.OverchargeTests" classname="Potop.Client.Tests.EditMode.OverchargeTests" runstate="Runnable" testcasecount="5" result="Passed" start-time="2026-05-29 14:41:09Z" end-time="2026-05-29 14:41:09Z" duration="0.021500" total="5" passed="5" failed="0" inconclusive="0" skipped="0" asserts="0">
                <properties />
                <test-case id="1029" name="FeverLv2_DecayRateReducedBy20Percent" fullname="Potop.Client.Tests.EditMode.OverchargeTests.FeverLv2_DecayRateReducedBy20Percent" methodname="FeverLv2_DecayRateReducedBy20Percent" classname="Potop.Client.Tests.EditMode.OverchargeTests" runstate="Runnable" seed="1820204242" result="Passed" start-time="2026-05-29 14:41:09Z" end-time="2026-05-29 14:41:09Z" duration="0.005587" asserts="0">
                  <properties>
                    <property name="retryIteration" value="0" />
                    <property name="repeatIteration" value="0" />
                  </properties>
                </test-case>
                <test-case id="1027" name="GaugeReaches100_EntersOverheatState" fullname="Potop.Client.Tests.EditMode.OverchargeTests.GaugeReaches100_EntersOverheatState" methodname="GaugeReaches100_EntersOverheatState" classname="Potop.Client.Tests.EditMode.OverchargeTests" runstate="Runnable" seed="503629302" result="Passed" start-time="2026-05-29 14:41:09Z" end-time="2026-05-29 14:41:09Z" duration="0.003846" asserts="0">
                  <properties>
                    <property name="retryIteration" value="0" />
                    <property name="repeatIteration" value="0" />
                  </properties>
                </test-case>
                <test-case id="1028" name="Overheat_DurationElapsed_Gauge0AndReturnsToIdle" fullname="Potop.Client.Tests.EditMode.OverchargeTests.Overheat_DurationElapsed_Gauge0AndReturnsToIdle" methodname="Overheat_DurationElapsed_Gauge0AndReturnsToIdle" classname="Potop.Client.Tests.EditMode.OverchargeTests" runstate="Runnable" seed="1905184295" result="Passed" start-time="2026-05-29 14:41:09Z" end-time="2026-05-29 14:41:09Z" duration="0.003138" asserts="0">
                  <properties>
                    <property name="retryIteration" value="0" />
                    <property name="repeatIteration" value="0" />
                  </properties>
                </test-case>
                <test-case id="1026" name="ReleaseButton_GaugeDecreasesByDecayRate" fullname="Potop.Client.Tests.EditMode.OverchargeTests.ReleaseButton_GaugeDecreasesByDecayRate" methodname="ReleaseButton_GaugeDecreasesByDecayRate" classname="Potop.Client.Tests.EditMode.OverchargeTests" runstate="Runnable" seed="1807944359" result="Passed" start-time="2026-05-29 14:41:09Z" end-time="2026-05-29 14:41:09Z" duration="0.003080" asserts="0">
                  <properties>
                    <property name="retryIteration" value="0" />
                    <property name="repeatIteration" value="0" />
                  </properties>
                </test-case>
                <test-case id="1025" name="StartFromZero_HoldButton_GaugeIncreasesByChargeRate" fullname="Potop.Client.Tests.EditMode.OverchargeTests.StartFromZero_HoldButton_GaugeIncreasesByChargeRate" methodname="StartFromZero_HoldButton_GaugeIncreasesByChargeRate" classname="Potop.Client.Tests.EditMode.OverchargeTests" runstate="Runnable" seed="1414889174" result="Passed" start-time="2026-05-29 14:41:09Z" end-time="2026-05-29 14:41:09Z" duration="0.002853" asserts="0">
                  <properties>
                    <property name="retryIteration" value="0" />
                    <property name="repeatIteration" value="0" />
                  </properties>
                </test-case>
              </test-suite>
              <test-suite type="TestFixture" id="1030" name="OverclockModeTests" fullname="Potop.Client.Tests.EditMode.OverclockModeTests" classname="Potop.Client.Tests.EditMode.OverclockModeTests" runstate="Runnable" testcasecount="3" result="Passed" start-time="2026-05-29 14:41:09Z" end-time="2026-05-29 14:41:09Z" duration="0.011251" total="3" passed="3" failed="0" inconclusive="0" skipped="0" asserts="0">
                <properties />
                <test-case id="1033" name="ScaleStats_PreventsPrecisionDriftAndFloatOverflow" fullname="Potop.Client.Tests.EditMode.OverclockModeTests.ScaleStats_PreventsPrecisionDriftAndFloatOverflow" methodname="ScaleStats_PreventsPrecisionDriftAndFloatOverflow" classname="Potop.Client.Tests.EditMode.OverclockModeTests" runstate="Runnable" seed="298522101" result="Passed" start-time="2026-05-29 14:41:09Z" end-time="2026-05-29 14:41:09Z" duration="0.005620" asserts="0">
                  <properties>
                    <property name="retryIteration" value="0" />
                    <property name="repeatIteration" value="0" />
                  </properties>
                </test-case>
                <test-case id="1031" name="StartOverclock_InitializesMultipliersCorrectly" fullname="Potop.Client.Tests.EditMode.OverclockModeTests.StartOverclock_InitializesMultipliersCorrectly" methodname="StartOverclock_InitializesMultipliersCorrectly" classname="Potop.Client.Tests.EditMode.OverclockModeTests" runstate="Runnable" seed="1796153639" result="Passed" start-time="2026-05-29 14:41:09Z" end-time="2026-05-29 14:41:09Z" duration="0.000893" asserts="0">
                  <properties>
                    <property name="retryIteration" value="0" />
                    <property name="repeatIteration" value="0" />
                  </properties>
                </test-case>
                <test-case id="1032" name="Update_ScalesStatsExactlyEvery30Seconds" fullname="Potop.Client.Tests.EditMode.OverclockModeTests.Update_ScalesStatsExactlyEvery30Seconds" methodname="Update_ScalesStatsExactlyEvery30Seconds" classname="Potop.Client.Tests.EditMode.OverclockModeTests" runstate="Runnable" seed="430533675" result="Passed" start-time="2026-05-29 14:41:09Z" end-time="2026-05-29 14:41:09Z" duration="0.002071" asserts="0">
                  <properties>
                    <property name="retryIteration" value="0" />
                    <property name="repeatIteration" value="0" />
                  </properties>
                </test-case>
              </test-suite>
              <test-suite type="TestFixture" id="1034" name="ProgressionTests" fullname="Potop.Client.Tests.EditMode.ProgressionTests" classname="Potop.Client.Tests.EditMode.ProgressionTests" runstate="Runnable" testcasecount="2" result="Passed" start-time="2026-05-29 14:41:09Z" end-time="2026-05-29 14:41:09Z" duration="0.012618" total="2" passed="2" failed="0" inconclusive="0" skipped="0" asserts="0">
                <properties />
                <test-case id="1035" name="TestPitySystem_GuaranteedEpicAfterThreshold" fullname="Potop.Client.Tests.EditMode.ProgressionTests.TestPitySystem_GuaranteedEpicAfterThreshold" methodname="TestPitySystem_GuaranteedEpicAfterThreshold" classname="Potop.Client.Tests.EditMode.ProgressionTests" runstate="Runnable" seed="761873233" result="Passed" start-time="2026-05-29 14:41:09Z" end-time="2026-05-29 14:41:09Z" duration="0.004314" asserts="0">
                  <properties>
                    <property name="retryIteration" value="0" />
                    <property name="repeatIteration" value="0" />
                  </properties>
                </test-case>
                <test-case id="1036" name="TestUpgradeProbability_StatisticalVerification" fullname="Potop.Client.Tests.EditMode.ProgressionTests.TestUpgradeProbability_StatisticalVerification" methodname="TestUpgradeProbability_StatisticalVerification" classname="Potop.Client.Tests.EditMode.ProgressionTests" runstate="Runnable" seed="320362944" result="Passed" start-time="2026-05-29 14:41:09Z" end-time="2026-05-29 14:41:09Z" duration="0.005867" asserts="0">
                  <properties>
                    <property name="retryIteration" value="0" />
                    <property name="repeatIteration" value="0" />
                  </properties>
                  <output><![CDATA[[ProgressionTests] Actual Epic Ratio: 0.114 (114/1000)
]]></output>
                </test-case>
              </test-suite>
              <test-suite type="TestFixture" id="1037" name="SynergyTests" fullname="Potop.Client.Tests.EditMode.SynergyTests" classname="Potop.Client.Tests.EditMode.SynergyTests" runstate="Runnable" testcasecount="2" result="Passed" start-time="2026-05-29 14:41:09Z" end-time="2026-05-29 14:41:09Z" duration="0.021065" total="2" passed="2" failed="0" inconclusive="0" skipped="0" asserts="0">
                <properties />
                <test-case id="1038" name="TestSynergyActivation_WhenBothModifiersAdded" fullname="Potop.Client.Tests.EditMode.SynergyTests.TestSynergyActivation_WhenBothModifiersAdded" methodname="TestSynergyActivation_WhenBothModifiersAdded" classname="Potop.Client.Tests.EditMode.SynergyTests" runstate="Runnable" seed="1072372487" result="Passed" start-time="2026-05-29 14:41:09Z" end-time="2026-05-29 14:41:09Z" duration="0.013333" asserts="0">
                  <properties>
                    <property name="retryIteration" value="0" />
                    <property name="repeatIteration" value="0" />
                  </properties>
                  <output><![CDATA[[MutationSynergyManager] 시너지 활성화: PierceExplosion
]]></output>
                </test-case>
                <test-case id="1039" name="TestSynergyDeactivation_WhenModifierRemoved" fullname="Potop.Client.Tests.EditMode.SynergyTests.TestSynergyDeactivation_WhenModifierRemoved" methodname="TestSynergyDeactivation_WhenModifierRemoved" classname="Potop.Client.Tests.EditMode.SynergyTests" runstate="Runnable" seed="2115368402" result="Passed" start-time="2026-05-29 14:41:09Z" end-time="2026-05-29 14:41:09Z" duration="0.005421" asserts="0">
                  <properties>
                    <property name="retryIteration" value="0" />
                    <property name="repeatIteration" value="0" />
                  </properties>
                  <output><![CDATA[[MutationSynergyManager] 시너지 활성화: PierceExplosion
[MutationSynergyManager] 시너지 비활성화: PierceExplosion
]]></output>
                </test-case>
              </test-suite>
              <test-suite type="TestFixture" id="1040" name="TacticalSkillTests" fullname="Potop.Client.Tests.EditMode.TacticalSkillTests" classname="Potop.Client.Tests.EditMode.TacticalSkillTests" runstate="Runnable" testcasecount="5" result="Passed" start-time="2026-05-29 14:41:09Z" end-time="2026-05-29 14:41:09Z" duration="0.033814" total="5" passed="5" failed="0" inconclusive="0" skipped="0" asserts="0">
                <properties />
                <test-case id="1044" name="EMPSkill_Execute_AppliesStunToEnemies" fullname="Potop.Client.Tests.EditMode.TacticalSkillTests.EMPSkill_Execute_AppliesStunToEnemies" methodname="EMPSkill_Execute_AppliesStunToEnemies" classname="Potop.Client.Tests.EditMode.TacticalSkillTests" runstate="Runnable" seed="1022334765" result="Passed" start-time="2026-05-29 14:41:09Z" end-time="2026-05-29 14:41:09Z" duration="0.011092" asserts="0">
                  <properties>
                    <property name="retryIteration" value="0" />
                    <property name="repeatIteration" value="0" />
                  </properties>
                </test-case>
                <test-case id="1045" name="OrbitalStrikeSkill_Execute_MultipleStrikesVerification" fullname="Potop.Client.Tests.EditMode.TacticalSkillTests.OrbitalStrikeSkill_Execute_MultipleStrikesVerification" methodname="OrbitalStrikeSkill_Execute_MultipleStrikesVerification" classname="Potop.Client.Tests.EditMode.TacticalSkillTests" runstate="Runnable" seed="393953765" result="Passed" start-time="2026-05-29 14:41:09Z" end-time="2026-05-29 14:41:09Z" duration="0.011242" asserts="0">
                  <properties>
                    <property name="retryIteration" value="0" />
                    <property name="repeatIteration" value="0" />
                  </properties>
                </test-case>
                <test-case id="1042" name="TryExecute_DuringCooldown_ReturnsFalse" fullname="Potop.Client.Tests.EditMode.TacticalSkillTests.TryExecute_DuringCooldown_ReturnsFalse" methodname="TryExecute_DuringCooldown_ReturnsFalse" classname="Potop.Client.Tests.EditMode.TacticalSkillTests" runstate="Runnable" seed="1081026593" result="Passed" start-time="2026-05-29 14:41:09Z" end-time="2026-05-29 14:41:09Z" duration="0.003088" asserts="0">
                  <properties>
                    <property name="retryIteration" value="0" />
                    <property name="repeatIteration" value="0" />
                  </properties>
                </test-case>
                <test-case id="1041" name="TryExecute_InsufficientEnergy_ReturnsFalse" fullname="Potop.Client.Tests.EditMode.TacticalSkillTests.TryExecute_InsufficientEnergy_ReturnsFalse" methodname="TryExecute_InsufficientEnergy_ReturnsFalse" classname="Potop.Client.Tests.EditMode.TacticalSkillTests" runstate="Runnable" seed="1806667974" result="Passed" start-time="2026-05-29 14:41:09Z" end-time="2026-05-29 14:41:09Z" duration="0.001553" asserts="0">
                  <properties>
                    <property name="retryIteration" value="0" />
                    <property name="repeatIteration" value="0" />
                  </properties>
                </test-case>
                <test-case id="1043" name="TryExecute_NormalConditions_ReturnsTrueAndConsumesEnergy" fullname="Potop.Client.Tests.EditMode.TacticalSkillTests.TryExecute_NormalConditions_ReturnsTrueAndConsumesEnergy" methodname="TryExecute_NormalConditions_ReturnsTrueAndConsumesEnergy" classname="Potop.Client.Tests.EditMode.TacticalSkillTests" runstate="Runnable" seed="1592740756" result="Passed" start-time="2026-05-29 14:41:09Z" end-time="2026-05-29 14:41:09Z" duration="0.002111" asserts="0">
                  <properties>
                    <property name="retryIteration" value="0" />
                    <property name="repeatIteration" value="0" />
                  </properties>
                </test-case>
              </test-suite>
              <test-suite type="TestFixture" id="1046" name="TitanCoreAITests" fullname="Potop.Client.Tests.EditMode.TitanCoreAITests" classname="Potop.Client.Tests.EditMode.TitanCoreAITests" runstate="Runnable" testcasecount="2" result="Passed" start-time="2026-05-29 14:41:09Z" end-time="2026-05-29 14:41:09Z" duration="0.026028" total="2" passed="2" failed="0" inconclusive="0" skipped="0" asserts="0">
                <properties />
                <test-case id="1048" name="FrontShield_AbsorbsAndReflectsFrontalDamage_SideTakesNormalDamage" fullname="Potop.Client.Tests.EditMode.TitanCoreAITests.FrontShield_AbsorbsAndReflectsFrontalDamage_SideTakesNormalDamage" methodname="FrontShield_AbsorbsAndReflectsFrontalDamage_SideTakesNormalDamage" classname="Potop.Client.Tests.EditMode.TitanCoreAITests" runstate="Runnable" seed="591482424" result="Passed" start-time="2026-05-29 14:41:09Z" end-time="2026-05-29 14:41:09Z" duration="0.018449" asserts="0">
                  <properties>
                    <property name="retryIteration" value="0" />
                    <property name="repeatIteration" value="0" />
                  </properties>
                </test-case>
                <test-case id="1047" name="HPThresholds_TransitionsExactlyAt60And30Percent" fullname="Potop.Client.Tests.EditMode.TitanCoreAITests.HPThresholds_TransitionsExactlyAt60And30Percent" methodname="HPThresholds_TransitionsExactlyAt60And30Percent" classname="Potop.Client.Tests.EditMode.TitanCoreAITests" runstate="Runnable" seed="869267339" result="Passed" start-time="2026-05-29 14:41:09Z" end-time="2026-05-29 14:41:09Z" duration="0.004295" asserts="0">
                  <properties>
                    <property name="retryIteration" value="0" />
                    <property name="repeatIteration" value="0" />
                  </properties>
                </test-case>
              </test-suite>
              <test-suite type="TestFixture" id="1049" name="TitanCorePrefabTests" fullname="Potop.Client.Tests.EditMode.TitanCorePrefabTests" classname="Potop.Client.Tests.EditMode.TitanCorePrefabTests" runstate="Runnable" testcasecount="1" result="Passed" start-time="2026-05-29 14:41:09Z" end-time="2026-05-29 14:41:09Z" duration="0.018435" total="1" passed="1" failed="0" inconclusive="0" skipped="0" asserts="0">
                <properties />
                <test-case id="1050" name="TitanCorePrefab_HierarchyAndComponents_AreValid" fullname="Potop.Client.Tests.EditMode.TitanCorePrefabTests.TitanCorePrefab_HierarchyAndComponents_AreValid" methodname="TitanCorePrefab_HierarchyAndComponents_AreValid" classname="Potop.Client.Tests.EditMode.TitanCorePrefabTests" runstate="Runnable" seed="1748659543" result="Passed" start-time="2026-05-29 14:41:09Z" end-time="2026-05-29 14:41:09Z" duration="0.016269" asserts="0">
                  <properties>
                    <property name="retryIteration" value="0" />
                    <property name="repeatIteration" value="0" />
                  </properties>
                </test-case>
              </test-suite>
              <test-suite type="TestFixture" id="1051" name="TutorialSystemTests" fullname="Potop.Client.Tests.EditMode.TutorialSystemTests" classname="Potop.Client.Tests.EditMode.TutorialSystemTests" runstate="Runnable" testcasecount="3" result="Passed" start-time="2026-05-29 14:41:09Z" end-time="2026-05-29 14:41:09Z" duration="0.021665" total="3" passed="3" failed="0" inconclusive="0" skipped="0" asserts="0">
                <properties />
                <test-case id="1052" name="InitialState_IsLook" fullname="Potop.Client.Tests.EditMode.TutorialSystemTests.InitialState_IsLook" methodname="InitialState_IsLook" classname="Potop.Client.Tests.EditMode.TutorialSystemTests" runstate="Runnable" seed="2061614056" result="Passed" start-time="2026-05-29 14:41:09Z" end-time="2026-05-29 14:41:09Z" duration="0.005268" asserts="0">
                  <properties>
                    <property name="retryIteration" value="0" />
                    <property name="repeatIteration" value="0" />
                  </properties>
                  <output><![CDATA[[DEBUG TUTORIALSYSTEM] OnEnable called!
]]></output>
                </test-case>
                <test-case id="1053" name="LookState_TransitionToShoot_OnThresholdReached" fullname="Potop.Client.Tests.EditMode.TutorialSystemTests.LookState_TransitionToShoot_OnThresholdReached" methodname="LookState_TransitionToShoot_OnThresholdReached" classname="Potop.Client.Tests.EditMode.TutorialSystemTests" runstate="Runnable" seed="813144856" result="Passed" start-time="2026-05-29 14:41:09Z" end-time="2026-05-29 14:41:09Z" duration="0.005881" asserts="0">
                  <properties>
                    <property name="retryIteration" value="0" />
                    <property name="repeatIteration" value="0" />
                  </properties>
                  <output><![CDATA[[DEBUG TUTORIALSYSTEM] OnEnable called!
TutorialSystem: Training Enemy Prefab is null!
]]></output>
                </test-case>
                <test-case id="1054" name="ShootState_TransitionToComplete_OnEnemyDiedEvent" fullname="Potop.Client.Tests.EditMode.TutorialSystemTests.ShootState_TransitionToComplete_OnEnemyDiedEvent" methodname="ShootState_TransitionToComplete_OnEnemyDiedEvent" classname="Potop.Client.Tests.EditMode.TutorialSystemTests" runstate="Runnable" seed="296051114" result="Passed" start-time="2026-05-29 14:41:09Z" end-time="2026-05-29 14:41:09Z" duration="0.007928" asserts="0">
                  <properties>
                    <property name="retryIteration" value="0" />
                    <property name="repeatIteration" value="0" />
                  </properties>
                  <output><![CDATA[[DEBUG TUTORIALSYSTEM] OnEnable called!
TutorialSystem: Training Enemy Prefab is null!
[DEBUG TUTORIALSYSTEM] OnEnemyDied called! CurrentStep: Shoot
<b><color=#2EA3FF>MCP-FOR-UNITY</color></b>: [TestRunnerNoThrottle] Restored Interaction Mode after test run.
Saving results to: /Users/macbook/Library/Application Support/dragoncowkarma/potop/TestResults.xml
]]></output>
                </test-case>
              </test-suite>
            </test-suite>
          </test-suite>
        </test-suite>
      </test-suite>
    </test-suite>
  </test-suite>
</test-run>